<?xml version="1.0" encoding="UTF-8"?>
<!-- Generated by org.testng.reporters.JUnitXMLReporter -->
<testsuite ignored="0" hostname="LAPTOP-EPTA8NOM" failures="0" tests="3" name="Default test" time="0.05" errors="0" timestamp="2021-05-15T10:26:16 IST">
  <testcase classname="QualityKioskTraining.CalculatorDemo.AdditionTestCase" name="TestAdditionWithPositiveNumber" time="0.007"/>
  <testcase classname="QualityKioskTraining.CalculatorDemo.AdditionTestCase" name="AdditionWithOnePositiveOneNegative" time="0.001"/>
  <testcase classname="QualityKioskTraining.CalculatorDemo.AdditionTestCase" name="TestAdditionWithZeroNumber" time="0.0"/>
</testsuite> <!-- Default test -->
